<?xml version="1.0" encoding="UTF-8"?>
<!-- Generated by org.testng.reporters.JUnitXMLReporter -->
<testsuite hostname="LENOVO" ignored="0" name="Test" tests="3" failures="1" timestamp="14 May 2019 18:00:03 GMT" time="106.201" errors="0">
  <testcase name="verifyFundComparisonRetailProducts" time="34.93" classname="com.vangaurd.tests.FundCompareTests">
    <failure type="java.lang.AssertionError" message="expected [false] but found [true]">
      <![CDATA[java.lang.AssertionError: expected [false] but found [true]
	at com.basic.uiframework.HybridDriver.infoToReportWithBoolean(HybridDriver.java:360)
	at com.vangaurd.tests.FundCompareTests.verifyFundComparisonRetailProducts(FundCompareTests.java:159)
... Removed 31 stack frames]]>
    </failure>
  </testcase> <!-- verifyFundComparisonRetailProducts -->
  <testcase name="verifyFundComparisonRetailProducts" time="27.365" classname="com.vangaurd.tests.FundCompareTests"/>
  <testcase name="verifyFundComparisonRetailProducts" time="28.048" classname="com.vangaurd.tests.FundCompareTests"/>
</testsuite> <!-- Test -->
