<?xml version="1.0" encoding="UTF-8"?>
<!-- Generated by org.testng.reporters.JUnitXMLReporter -->
<testsuite hostname="LENOVO" ignored="0" name="Test" tests="3" failures="1" timestamp="14 May 2019 17:51:08 GMT" time="102.263" errors="0">
  <testcase name="verifyFundComparisonRetailProducts" time="32.733" classname="com.vangaurd.tests.FundCompareTests">
    <failure type="java.lang.AssertionError" message="expected [false] but found [true]">
      <![CDATA[java.lang.AssertionError: expected [false] but found [true]
	at com.basic.uiframework.HybridDriver.infoToReportWithBoolean(HybridDriver.java:360)
	at com.vangaurd.tests.FundCompareTests.verifyFundComparisonRetailProducts(FundCompareTests.java:159)
... Removed 34 stack frames]]>
    </failure>
  </testcase> <!-- verifyFundComparisonRetailProducts -->
  <testcase name="verifyFundComparisonRetailProducts" time="26.89" classname="com.vangaurd.tests.FundCompareTests"/>
  <testcase name="verifyFundComparisonRetailProducts" time="26.632" classname="com.vangaurd.tests.FundCompareTests"/>
</testsuite> <!-- Test -->
